<?xml version="1.0" encoding="UTF-8"?>
<Site BuildName="Linux-c++"
	BuildStamp="20250201-0956-Experimental"
	Name="LAPTOP-2VSMOGN4"
	Generator="ctest-3.16.3"
	CompilerName="/usr/bin/c++"
	CompilerVersion="9.4.0"
	OSName="Linux"
	Hostname="LAPTOP-2VSMOGN4"
	OSRelease="5.15.167.4-microsoft-standard-WSL2"
	OSVersion="#1 SMP Tue Nov 5 00:21:55 UTC 2024"
	OSPlatform="x86_64"
	Is64Bits="1"
	VendorString="AuthenticAMD"
	VendorID="Advanced Micro Devices"
	FamilyID="25"
	ModelID="80"
	ProcessorCacheSize="512"
	NumberOfLogicalCPU="12"
	NumberOfPhysicalCPU="6"
	TotalVirtualMemory="1024"
	TotalPhysicalMemory="3649"
	LogicalProcessorsPerPhysical="2"
	ProcessorClockFrequency="3293.74"
	>
	<Testing>
		<StartDateTime>Feb 01 15:26 IST</StartDateTime>
		<StartTestTime>1738403792</StartTestTime>
		<TestList/>
		<EndDateTime>Feb 01 15:26 IST</EndDateTime>
		<EndTestTime>1738403792</EndTestTime>
		<ElapsedMinutes>0</ElapsedMinutes>
	</Testing>
</Site>
